<?xml version="1.0" encoding="UTF-8"?>
<!-- Generated by org.testng.reporters.JUnitXMLReporter -->
<testsuite hostname="MYSHEC79761L" ignored="0" name="Default test" tests="4" failures="0" timestamp="09 Aug 2017 04:58:24 GMT" time="19.138" errors="0">
  <testcase name="Register" time="6.951" classname="ApplicationModules.EnrollMember"/>
  <testcase name="PopUpMethod" time="0.06" classname="ApplicationModules.EnrollMember"/>
  <testcase name="leftNavigate" time="5.211" classname="ApplicationModules.EnrollMember"/>
  <testcase name="PopUpMethod1" time="5.061" classname="ApplicationModules.EnrollMember"/>
</testsuite> <!-- Default test -->
