<?xml version="1.0" encoding="UTF-8"?>
<!-- Generated by org.testng.reporters.JUnitXMLReporter -->
<testsuite hostname="MYSHEC79761L" ignored="5" name="Test Grouping" tests="6" failures="0" timestamp="05 Jul 2017 06:08:07 GMT" time="0.092" errors="0">
  <testcase name="f1" time="0.012" classname="Testng.NewTestGropuing"/>
  <testcase name="f5" time="0.005" classname="Testng.NewTestGropuing"/>
  <testcase name="f6" time="0.002" classname="Testng.NewTestGropuing"/>
  <testcase name="m2" time="0.004" classname="Testng.TestGrouping"/>
  <testcase name="m3" time="0.002" classname="Testng.TestGrouping"/>
  <testcase name="m4" time="0.002" classname="Testng.TestGrouping"/>
  <testcase name="f" time="0.0" classname="Testng.TestGrouping">
    <ignored/>
  </testcase> <!-- f -->
  <testcase name="m1" time="0.0" classname="Testng.TestGrouping">
    <ignored/>
  </testcase> <!-- m1 -->
  <testcase name="f4" time="0.0" classname="Testng.NewTestGropuing">
    <ignored/>
  </testcase> <!-- f4 -->
  <testcase name="f3" time="0.0" classname="Testng.NewTestGropuing">
    <ignored/>
  </testcase> <!-- f3 -->
  <testcase name="f2" time="0.0" classname="Testng.NewTestGropuing">
    <ignored/>
  </testcase> <!-- f2 -->
</testsuite> <!-- Test Grouping -->
