<?xml version="1.0" encoding="UTF-8"?>
<testng-results skipped="0" failed="0" ignored="0" total="4" passed="4">
  <reporter-output>
  </reporter-output>
  <suite name="Default suite" duration-ms="19138" started-at="2017-08-09T04:58:05Z" finished-at="2017-08-09T04:58:24Z">
    <groups>
    </groups>
    <test name="Default test" duration-ms="19138" started-at="2017-08-09T04:58:05Z" finished-at="2017-08-09T04:58:24Z">
      <class name="ApplicationModules.EnrollMember">
        <test-method status="PASS" signature="Browser()[pri:0, instance:ApplicationModules.EnrollMember@14acaea5]" name="Browser" is-config="true" duration-ms="8298" started-at="2017-08-09T10:27:57Z" finished-at="2017-08-09T10:28:05Z">
          <reporter-output>
          </reporter-output>
        </test-method> <!-- Browser -->
        <test-method status="PASS" signature="beforeMethod()[pri:0, instance:ApplicationModules.EnrollMember@14acaea5]" name="beforeMethod" is-config="true" duration-ms="1809" started-at="2017-08-09T10:28:05Z" finished-at="2017-08-09T10:28:07Z">
          <reporter-output>
          </reporter-output>
        </test-method> <!-- beforeMethod -->
        <test-method status="PASS" signature="Register()[pri:0, instance:ApplicationModules.EnrollMember@14acaea5]" name="Register" duration-ms="6951" started-at="2017-08-09T10:28:07Z" finished-at="2017-08-09T10:28:14Z">
          <reporter-output>
          </reporter-output>
        </test-method> <!-- Register -->
        <test-method status="PASS" signature="PopUpMethod()[pri:0, instance:ApplicationModules.EnrollMember@14acaea5]" name="PopUpMethod" duration-ms="60" started-at="2017-08-09T10:28:14Z" depends-on-methods="ApplicationModules.EnrollMember.Register" finished-at="2017-08-09T10:28:14Z">
          <reporter-output>
          </reporter-output>
        </test-method> <!-- PopUpMethod -->
        <test-method status="PASS" signature="leftNavigate()[pri:0, instance:ApplicationModules.EnrollMember@14acaea5]" name="leftNavigate" duration-ms="5211" started-at="2017-08-09T10:28:14Z" depends-on-methods="ApplicationModules.EnrollMember.PopUpMethod" finished-at="2017-08-09T10:28:19Z">
          <reporter-output>
          </reporter-output>
        </test-method> <!-- leftNavigate -->
        <test-method status="PASS" signature="PopUpMethod1()[pri:0, instance:ApplicationModules.EnrollMember@14acaea5]" name="PopUpMethod1" duration-ms="5061" started-at="2017-08-09T10:28:19Z" depends-on-methods="ApplicationModules.EnrollMember.leftNavigate" finished-at="2017-08-09T10:28:24Z">
          <reporter-output>
          </reporter-output>
        </test-method> <!-- PopUpMethod1 -->
        <test-method status="PASS" signature="CloseBrowser()[pri:0, instance:ApplicationModules.EnrollMember@14acaea5]" name="CloseBrowser" is-config="true" duration-ms="1065" started-at="2017-08-09T10:28:24Z" finished-at="2017-08-09T10:28:25Z">
          <reporter-output>
          </reporter-output>
        </test-method> <!-- CloseBrowser -->
      </class> <!-- ApplicationModules.EnrollMember -->
    </test> <!-- Default test -->
  </suite> <!-- Default suite -->
</testng-results>
