<?xml version="1.0" encoding="UTF-8"?>
<testng-results skipped="0" failed="1" total="1" passed="0">
  <reporter-output>
  </reporter-output>
  <suite name="Default suite" duration-ms="5361" started-at="2017-08-10T11:09:34Z" finished-at="2017-08-10T11:09:39Z">
    <groups>
    </groups>
    <test name="Default test" duration-ms="5361" started-at="2017-08-10T11:09:34Z" finished-at="2017-08-10T11:09:39Z">
      <class name="TestCases.MemberPayment">
        <test-method status="PASS" signature="Browser()[pri:0, instance:TestCases.MemberPayment@402f32ff]" name="Browser" is-config="true" duration-ms="7578" started-at="2017-08-10T16:39:26Z" finished-at="2017-08-10T16:39:34Z">
          <reporter-output>
          </reporter-output>
        </test-method> <!-- Browser -->
        <test-method status="PASS" signature="beforeMethod()[pri:0, instance:TestCases.MemberPayment@402f32ff]" name="beforeMethod" is-config="true" duration-ms="3456" started-at="2017-08-10T16:39:34Z" finished-at="2017-08-10T16:39:37Z">
          <reporter-output>
          </reporter-output>
        </test-method> <!-- beforeMethod -->
        <test-method status="FAIL" signature="paymentToMember()[pri:0, instance:TestCases.MemberPayment@402f32ff]" name="paymentToMember" duration-ms="1442" started-at="2017-08-10T16:39:37Z" finished-at="2017-08-10T16:39:39Z">
          <exception class="java.lang.NullPointerException">
            <full-stacktrace>
              <![CDATA[java.lang.NullPointerException
	at org.openqa.selenium.support.pagefactory.ByAll.findElements(ByAll.java:63)
	at org.openqa.selenium.support.pagefactory.ByAll.findElement(ByAll.java:52)
	at org.openqa.selenium.remote.RemoteWebDriver.findElement(RemoteWebDriver.java:345)
	at PageObjects.MemberPayment.PopulatePaymenttoMember(MemberPayment.java:20)
	at TestCases.MemberPayment.paymentToMember(MemberPayment.java:34)
	at sun.reflect.NativeMethodAccessorImpl.invoke0(Native Method)
	at sun.reflect.NativeMethodAccessorImpl.invoke(NativeMethodAccessorImpl.java:62)
	at sun.reflect.DelegatingMethodAccessorImpl.invoke(DelegatingMethodAccessorImpl.java:43)
	at java.lang.reflect.Method.invoke(Method.java:498)
	at org.testng.internal.MethodInvocationHelper.invokeMethod(MethodInvocationHelper.java:85)
	at org.testng.internal.Invoker.invokeMethod(Invoker.java:639)
	at org.testng.internal.Invoker.invokeTestMethod(Invoker.java:821)
	at org.testng.internal.Invoker.invokeTestMethods(Invoker.java:1131)
	at org.testng.internal.TestMethodWorker.invokeTestMethods(TestMethodWorker.java:124)
	at org.testng.internal.TestMethodWorker.run(TestMethodWorker.java:108)
	at org.testng.TestRunner.privateRun(TestRunner.java:773)
	at org.testng.TestRunner.run(TestRunner.java:623)
	at org.testng.SuiteRunner.runTest(SuiteRunner.java:357)
	at org.testng.SuiteRunner.runSequentially(SuiteRunner.java:352)
	at org.testng.SuiteRunner.privateRun(SuiteRunner.java:310)
	at org.testng.SuiteRunner.run(SuiteRunner.java:259)
	at org.testng.SuiteRunnerWorker.runSuite(SuiteRunnerWorker.java:52)
	at org.testng.SuiteRunnerWorker.run(SuiteRunnerWorker.java:86)
	at org.testng.TestNG.runSuitesSequentially(TestNG.java:1185)
	at org.testng.TestNG.runSuitesLocally(TestNG.java:1110)
	at org.testng.TestNG.run(TestNG.java:1018)
	at org.testng.remote.AbstractRemoteTestNG.run(AbstractRemoteTestNG.java:132)
	at org.testng.remote.RemoteTestNG.initAndRun(RemoteTestNG.java:236)
	at org.testng.remote.RemoteTestNG.main(RemoteTestNG.java:81)
]]>
            </full-stacktrace>
          </exception> <!-- java.lang.NullPointerException -->
          <reporter-output>
          </reporter-output>
        </test-method> <!-- paymentToMember -->
        <test-method status="PASS" signature="afterMethod()[pri:0, instance:TestCases.MemberPayment@402f32ff]" name="afterMethod" is-config="true" duration-ms="409" started-at="2017-08-10T16:39:39Z" finished-at="2017-08-10T16:39:39Z">
          <reporter-output>
          </reporter-output>
        </test-method> <!-- afterMethod -->
        <test-method status="PASS" signature="CloseBrowser()[pri:0, instance:TestCases.MemberPayment@402f32ff]" name="CloseBrowser" is-config="true" duration-ms="5109" started-at="2017-08-10T16:39:39Z" finished-at="2017-08-10T16:39:45Z">
          <reporter-output>
          </reporter-output>
        </test-method> <!-- CloseBrowser -->
      </class> <!-- TestCases.MemberPayment -->
    </test> <!-- Default test -->
  </suite> <!-- Default suite -->
</testng-results>
